Using pre-set license
Built from '2020.3/staging' branch; Version is '2020.3.13f1 (71691879b7f5) revision 7432472'; Using compiler version '192528614'; Build Type 'Release'
OS: 'Windows 10 Pro; OS build 19042.1165; Version 2009; 64bit' Language: 'en' Physical Memory: 16322 MB
BatchMode: 1, IsHumanControllingUs: 0, StartBugReporterOnCrash: 0, Is64bit: 1, IsPro: 0

 COMMAND LINE ARGUMENTS:
C:\Program Files\Unity\Hub\Editor\2020.3.13f1\Editor\Unity.exe
-adb2
-batchMode
-noUpm
-name
AssetImportWorker0
-projectPath
D:/Ghost/DemoV1
-logFile
Logs/AssetImportWorker0.log
-srvPort
59027
Successfully changed project path to: D:/Ghost/DemoV1
D:/Ghost/DemoV1
Using Asset Import Pipeline V2.
Refreshing native plugins compatible for Editor in 51.14 ms, found 2 plugins.
Preloading 0 native plugins for Editor in 0.00 ms.
Initialize engine version: 2020.3.13f1 (71691879b7f5)
[Subsystems] Discovering subsystems at path C:/Program Files/Unity/Hub/Editor/2020.3.13f1/Editor/Data/Resources/UnitySubsystems
[Subsystems] Discovering subsystems at path D:/Ghost/DemoV1/Assets
GfxDevice: creating device client; threaded=0
Direct3D:
    Version:  Direct3D 11.0 [level 11.1]
    Renderer: NVIDIA GeForce GTX 1650 SUPER (ID=0x2187)
    Vendor:   
    VRAM:     3955 MB
    Driver:   27.21.14.6172
Shader 'Universal Render Pipeline/Particles/Lit': fallback shader 'Universal Render Pipeline/Particles/SimpleLit' not found
Initialize mono
Mono path[0] = 'C:/Program Files/Unity/Hub/Editor/2020.3.13f1/Editor/Data/Managed'
Mono path[1] = 'C:/Program Files/Unity/Hub/Editor/2020.3.13f1/Editor/Data/MonoBleedingEdge/lib/mono/unityjit'
Mono config path = 'C:/Program Files/Unity/Hub/Editor/2020.3.13f1/Editor/Data/MonoBleedingEdge/etc'
Using monoOptions --debugger-agent=transport=dt_socket,embedding=1,server=y,suspend=n,address=127.0.0.1:56480
Begin MonoManager ReloadAssembly
Registering precompiled unity dll's ...
Register platform support module: C:/Program Files/Unity/Hub/Editor/2020.3.13f1/Editor/Data/PlaybackEngines/WindowsStandaloneSupport/UnityEditor.WindowsStandalone.Extensions.dll
Registered in 0.001474 seconds.
Native extension for WindowsStandalone target not found
Refreshing native plugins compatible for Editor in 50.81 ms, found 2 plugins.
Preloading 0 native plugins for Editor in 0.00 ms.
Mono: successfully reloaded assembly
- Completed reload, in  1.478 seconds
Platform modules already initialized, skipping
Registering precompiled user dll's ...
Registered in 0.002464 seconds.
Begin MonoManager ReloadAssembly
Native extension for WindowsStandalone target not found
Refreshing native plugins compatible for Editor in 51.51 ms, found 2 plugins.
Preloading 0 native plugins for Editor in 0.00 ms.
Mono: successfully reloaded assembly
- Completed reload, in  1.069 seconds
Platform modules already initialized, skipping
========================================================================
Worker process is ready to serve import requests
Shader 'Universal Render Pipeline/Particles/Lit': fallback shader 'Universal Render Pipeline/Particles/SimpleLit' not found
Launched and connected shader compiler UnityShaderCompiler.exe after 0.04 seconds
Refreshing native plugins compatible for Editor in 0.56 ms, found 2 plugins.
Preloading 0 native plugins for Editor in 0.00 ms.
Unloading 3248 Unused Serialized files (Serialized files now loaded: 0)
System memory in use before: 153.4 MB.
System memory in use after: 153.5 MB.

Unloading 24 unused Assets to reduce memory usage. Loaded Objects now: 3695.
Total: 2.544700 ms (FindLiveObjects: 0.287600 ms CreateObjectMapping: 0.170600 ms MarkObjects: 2.006900 ms  DeleteObjects: 0.078900 ms)

AssetImportParameters requested are different than current active one (requested -> active):
  custom:framework-win-MediaFoundation: 216162199b28c13a410421893ffa2e32 -> 
  custom:video-decoder-ogg-theora: a1e56fd34408186e4bbccfd4996cb3dc -> 
  custom:container-muxer-webm: aa71ff27fc2769a1b78a27578f13a17b -> 
  custom:container-demuxer-webm: 4f35f7cbe854078d1ac9338744f61a02 -> 
  custom:container-demuxer-ogg: 62fdf1f143b41e24485cea50d1cbac27 -> 
  custom:video-encoder-webm-vp8: eb34c28f22e8b96e1ab97ce403110664 -> 
  custom:video-decoder-webm-vp8: 9c59270c3fd7afecdb556c50c9e8de78 -> 
  custom:audio-decoder-ogg-vorbis: bf7c407c2cedff20999df2af8eb42d56 -> 
  custom:audio-encoder-webm-vorbis: bf7c407c2cedff20999df2af8eb42d56 -> 
========================================================================
Received Import Request.
  path: Assets/Scenes/SampleScene/Global Volume Profile.asset
  artifactKey: Guid(ebbc59eebdd43ce4cbff5a0e10e2cd8a) Importer(815301076,1909f56bfc062723c751e8b465ee728b)
Start importing Assets/Scenes/SampleScene/Global Volume Profile.asset using Guid(ebbc59eebdd43ce4cbff5a0e10e2cd8a) Importer(815301076,1909f56bfc062723c751e8b465ee728b)  -> (artifact id: '43a69f9fbd809d17d020a369b587733b') in 0.040898 seconds 
  Import took 0.060139 seconds .

========================================================================
Received Import Request.
  Time since last request: 5.099531 seconds.
  path: Assets/Models/object/book.fbx
  artifactKey: Guid(13935670415e6884495e09679265e4df) Importer(815301076,1909f56bfc062723c751e8b465ee728b)
Start importing Assets/Models/object/book.fbx using Guid(13935670415e6884495e09679265e4df) Importer(815301076,1909f56bfc062723c751e8b465ee728b)  -> (artifact id: '4380ad04e9534b9b0a74fba0c9ae7b74') in 0.283171 seconds 
  Import took 0.288213 seconds .

========================================================================
Received Import Request.
  Time since last request: 0.000139 seconds.
  path: Assets/Models/object/bottle_05L_1_model.fbx
  artifactKey: Guid(d23ad79e92bd959469becb9ba4ca6619) Importer(815301076,1909f56bfc062723c751e8b465ee728b)
Start importing Assets/Models/object/bottle_05L_1_model.fbx using Guid(d23ad79e92bd959469becb9ba4ca6619) Importer(815301076,1909f56bfc062723c751e8b465ee728b)  -> (artifact id: 'e9585e61c000d54f75e0e3b1d86db28f') in 0.033878 seconds 
  Import took 0.055352 seconds .

========================================================================
Received Import Request.
  Time since last request: 0.000196 seconds.
  path: Assets/Models/object/bun.obj
  artifactKey: Guid(0f2ad45aee8c81e4ca7f9b92180c8b57) Importer(815301076,1909f56bfc062723c751e8b465ee728b)
Start importing Assets/Models/object/bun.obj using Guid(0f2ad45aee8c81e4ca7f9b92180c8b57) Importer(815301076,1909f56bfc062723c751e8b465ee728b)  -> (artifact id: 'c275ad14df47bc152cc3f9c95f2bc626') in 0.051764 seconds 
  Import took 0.056714 seconds .

========================================================================
Received Import Request.
  Time since last request: 0.000174 seconds.
  path: Assets/Models/object/doll_01.obj
  artifactKey: Guid(fb4726444df9a9f4daaa670c45095c45) Importer(815301076,1909f56bfc062723c751e8b465ee728b)
Start importing Assets/Models/object/doll_01.obj using Guid(fb4726444df9a9f4daaa670c45095c45) Importer(815301076,1909f56bfc062723c751e8b465ee728b)  -> (artifact id: '65d00422d606db67d2d016a888c39f08') in 0.058637 seconds 
  Import took 0.077355 seconds .

========================================================================
Received Import Request.
  Time since last request: 0.000258 seconds.
  path: Assets/Models/object/pencil.obj
  artifactKey: Guid(57c6e04079b691b43923fd4bb0866477) Importer(815301076,1909f56bfc062723c751e8b465ee728b)
Start importing Assets/Models/object/pencil.obj using Guid(57c6e04079b691b43923fd4bb0866477) Importer(815301076,1909f56bfc062723c751e8b465ee728b)  -> (artifact id: '65eb79f3e836b5f3c40bd3e2b65eed93') in 0.047669 seconds 
  Import took 0.051887 seconds .

========================================================================
Received Import Request.
  Time since last request: 0.000138 seconds.
  path: Assets/Models/object/horse_low.obj
  artifactKey: Guid(2a2f5b4bdfdc5ed49afc40a55cacc0e5) Importer(815301076,1909f56bfc062723c751e8b465ee728b)
Start importing Assets/Models/object/horse_low.obj using Guid(2a2f5b4bdfdc5ed49afc40a55cacc0e5) Importer(815301076,1909f56bfc062723c751e8b465ee728b)  -> (artifact id: '9a0528f3e5237ad7003237c348f0afc0') in 0.078424 seconds 
  Import took 0.103566 seconds .

========================================================================
Received Import Request.
  Time since last request: 0.000253 seconds.
  path: Assets/Models/object/knife.fbx
  artifactKey: Guid(7f4adb7ba43b09044ad0f7e59d48f69c) Importer(815301076,1909f56bfc062723c751e8b465ee728b)
Start importing Assets/Models/object/knife.fbx using Guid(7f4adb7ba43b09044ad0f7e59d48f69c) Importer(815301076,1909f56bfc062723c751e8b465ee728b)  -> (artifact id: '8c62a910c9613bea8c8cf7f4aae301d2') in 0.058880 seconds 
  Import took 0.076604 seconds .

========================================================================
Received Import Request.
  Time since last request: 0.000240 seconds.
  path: Assets/Models/object/scissors.fbx
  artifactKey: Guid(13003b03d1b764240aad352b293cfd4d) Importer(815301076,1909f56bfc062723c751e8b465ee728b)
Start importing Assets/Models/object/scissors.fbx using Guid(13003b03d1b764240aad352b293cfd4d) Importer(815301076,1909f56bfc062723c751e8b465ee728b)  -> (artifact id: '837e367b72fd4f3f56cdcff2fd7845a4') in 0.035944 seconds 
  Import took 0.063412 seconds .

========================================================================
Received Import Request.
  Time since last request: 0.000221 seconds.
  path: Assets/Models/object/pregnant_low.prefab
  artifactKey: Guid(8d6f858de96dd5c4fbea39559270d45c) Importer(815301076,1909f56bfc062723c751e8b465ee728b)
Start importing Assets/Models/object/pregnant_low.prefab using Guid(8d6f858de96dd5c4fbea39559270d45c) Importer(815301076,1909f56bfc062723c751e8b465ee728b)  -> (artifact id: 'a06f503f7fcaee337e5b3189a806a53f') in 0.171254 seconds 
  Import took 0.188384 seconds .

========================================================================
Received Import Request.
  Time since last request: 0.000227 seconds.
  path: Assets/Models/object/finger_low.obj
  artifactKey: Guid(47900c85d5215de4ba8068d65d6ffbf7) Importer(815301076,1909f56bfc062723c751e8b465ee728b)
Start importing Assets/Models/object/finger_low.obj using Guid(47900c85d5215de4ba8068d65d6ffbf7) Importer(815301076,1909f56bfc062723c751e8b465ee728b)  -> (artifact id: 'e209671655293d4772d557ab6369ccec') in 0.050512 seconds 
  Import took 0.064857 seconds .

========================================================================
Received Import Request.
  Time since last request: 0.000166 seconds.
  path: Assets/Models/object/pregnant_low.obj
  artifactKey: Guid(4ae875259e9453e4c865ab3b6250902f) Importer(815301076,1909f56bfc062723c751e8b465ee728b)
Start importing Assets/Models/object/pregnant_low.obj using Guid(4ae875259e9453e4c865ab3b6250902f) Importer(815301076,1909f56bfc062723c751e8b465ee728b)  -> (artifact id: 'f0c9aa5d6a677032e2edd3dc48c11fa6') in 0.027520 seconds 
  Import took 0.033786 seconds .

========================================================================
Received Import Request.
  Time since last request: 0.000172 seconds.
  path: Assets/Models/object/SKULL.fbx
  artifactKey: Guid(dc6bd5adb35d4ca4f8cb30bcb26538e3) Importer(815301076,1909f56bfc062723c751e8b465ee728b)
Start importing Assets/Models/object/SKULL.fbx using Guid(dc6bd5adb35d4ca4f8cb30bcb26538e3) Importer(815301076,1909f56bfc062723c751e8b465ee728b)  -> (artifact id: 'ccaecca82f92621b3079528c1c16d0f0') in 0.051246 seconds 
  Import took 0.064567 seconds .

========================================================================
Received Import Request.
  Time since last request: 0.000255 seconds.
  path: Assets/Models/object/hammer.obj
  artifactKey: Guid(99fbe91ea89d0f6428373379966e6c5d) Importer(815301076,1909f56bfc062723c751e8b465ee728b)
Start importing Assets/Models/object/hammer.obj using Guid(99fbe91ea89d0f6428373379966e6c5d) Importer(815301076,1909f56bfc062723c751e8b465ee728b)  -> (artifact id: '23756255a18ec5c882f4c911932697aa') in 0.055487 seconds 
  Import took 0.060505 seconds .

========================================================================
Received Import Request.
  Time since last request: 0.000220 seconds.
  path: Assets/Models/object/rock5.fbx
  artifactKey: Guid(a3d60aa9358184a4ab551121d7dc718e) Importer(815301076,1909f56bfc062723c751e8b465ee728b)
Start importing Assets/Models/object/rock5.fbx using Guid(a3d60aa9358184a4ab551121d7dc718e) Importer(815301076,1909f56bfc062723c751e8b465ee728b)  -> (artifact id: '19fae00d117757f5ccd437825299a192') in 0.043312 seconds 
  Import took 0.048105 seconds .

========================================================================
Received Import Request.
  Time since last request: 3.018355 seconds.
  path: Assets/Models/ghost/ghost_pregnant/ghost_pregnant.Fbx
  artifactKey: Guid(e5dfee0bce2c0844281d92fdfa66216c) Importer(815301076,1909f56bfc062723c751e8b465ee728b)
Start importing Assets/Models/ghost/ghost_pregnant/ghost_pregnant.Fbx using Guid(e5dfee0bce2c0844281d92fdfa66216c) Importer(815301076,1909f56bfc062723c751e8b465ee728b)  -> (artifact id: 'edbafb0429c41f7657f953df80937e5c') in 1.116345 seconds 
  Import took 1.138171 seconds .

========================================================================
Received Import Request.
  Time since last request: 0.000176 seconds.
  path: Assets/Models/ghost/ghost_pregnant/ghost_pregnant.prefab
  artifactKey: Guid(10325973828e0b24cae5d0701ac9b506) Importer(815301076,1909f56bfc062723c751e8b465ee728b)
Start importing Assets/Models/ghost/ghost_pregnant/ghost_pregnant.prefab using Guid(10325973828e0b24cae5d0701ac9b506) Importer(815301076,1909f56bfc062723c751e8b465ee728b)  -> (artifact id: 'eced14629bdd529d5b81cf78623e282f') in 0.317990 seconds 
  Import took 0.345176 seconds .

========================================================================
Received Prepare
Registering precompiled user dll's ...
Registered in 0.002415 seconds.
Begin MonoManager ReloadAssembly
Native extension for WindowsStandalone target not found
Refreshing native plugins compatible for Editor in 0.59 ms, found 2 plugins.
Preloading 0 native plugins for Editor in 0.00 ms.
Mono: successfully reloaded assembly
- Completed reload, in  1.004 seconds
Platform modules already initialized, skipping
Switching build target platform(19) subTarget(0) extendedPlatform(0) -> platform(13) subTarget(589824) extendedPlatform(0)
Shader 'Universal Render Pipeline/Particles/Lit': fallback shader 'Universal Render Pipeline/Particles/SimpleLit' not found
Refreshing native plugins compatible for Editor in 0.57 ms, found 2 plugins.
Preloading 0 native plugins for Editor in 0.00 ms.
Unloading 3104 Unused Serialized files (Serialized files now loaded: 0)
System memory in use before: 162.2 MB.
System memory in use after: 162.3 MB.

Unloading 20 unused Assets to reduce memory usage. Loaded Objects now: 3778.
Total: 2.793200 ms (FindLiveObjects: 0.295700 ms CreateObjectMapping: 0.133300 ms MarkObjects: 2.298500 ms  DeleteObjects: 0.064700 ms)

AssetImportParameters requested are different than current active one (requested -> active):
  custom:framework-win-MediaFoundation: 216162199b28c13a410421893ffa2e32 -> 
  custom:video-decoder-ogg-theora: a1e56fd34408186e4bbccfd4996cb3dc -> 
  custom:container-muxer-webm: aa71ff27fc2769a1b78a27578f13a17b -> 
  custom:container-demuxer-webm: 4f35f7cbe854078d1ac9338744f61a02 -> 
  custom:container-demuxer-ogg: 62fdf1f143b41e24485cea50d1cbac27 -> 
  custom:video-encoder-webm-vp8: eb34c28f22e8b96e1ab97ce403110664 -> 
  custom:video-decoder-webm-vp8: 9c59270c3fd7afecdb556c50c9e8de78 -> 
  custom:graphics/normal-map-encoding: 01000000000000000000000000000000 -> 02000000000000000000000000000000
  custom:audio-decoder-ogg-vorbis: bf7c407c2cedff20999df2af8eb42d56 -> 
  custom:audio-encoder-webm-vorbis: bf7c407c2cedff20999df2af8eb42d56 -> 
========================================================================
Received Import Request.
  Time since last request: 50.694625 seconds.
  path: Assets/Materials/bottle_material.mat
  artifactKey: Guid(36fbd1f183ca09e4b95aea5fdb15629f) Importer(815301076,1909f56bfc062723c751e8b465ee728b)
Start importing Assets/Materials/bottle_material.mat using Guid(36fbd1f183ca09e4b95aea5fdb15629f) Importer(815301076,1909f56bfc062723c751e8b465ee728b)  -> (artifact id: '448aa5dfb72d57a6f86dd0dde9c30a4f') in 0.886531 seconds 
  Import took 0.899275 seconds .

========================================================================
Received Prepare
Registering precompiled user dll's ...
Registered in 0.002443 seconds.
Begin MonoManager ReloadAssembly
Native extension for WindowsStandalone target not found
Refreshing native plugins compatible for Editor in 0.61 ms, found 2 plugins.
Preloading 0 native plugins for Editor in 0.00 ms.
Mono: successfully reloaded assembly
- Completed reload, in  1.057 seconds
Platform modules already initialized, skipping
Switching build target platform(19) subTarget(0) extendedPlatform(0) -> platform(13) subTarget(589824) extendedPlatform(0)
Shader 'Universal Render Pipeline/Particles/Lit': fallback shader 'Universal Render Pipeline/Particles/SimpleLit' not found
Refreshing native plugins compatible for Editor in 0.58 ms, found 2 plugins.
Preloading 0 native plugins for Editor in 0.00 ms.
Unloading 3103 Unused Serialized files (Serialized files now loaded: 0)
System memory in use before: 162.4 MB.
System memory in use after: 162.6 MB.

Unloading 18 unused Assets to reduce memory usage. Loaded Objects now: 3817.
Total: 2.901000 ms (FindLiveObjects: 0.307400 ms CreateObjectMapping: 0.138300 ms MarkObjects: 2.395100 ms  DeleteObjects: 0.059200 ms)

AssetImportParameters requested are different than current active one (requested -> active):
  custom:framework-win-MediaFoundation: 216162199b28c13a410421893ffa2e32 -> 
  custom:video-decoder-ogg-theora: a1e56fd34408186e4bbccfd4996cb3dc -> 
  custom:container-muxer-webm: aa71ff27fc2769a1b78a27578f13a17b -> 
  custom:container-demuxer-webm: 4f35f7cbe854078d1ac9338744f61a02 -> 
  custom:container-demuxer-ogg: 62fdf1f143b41e24485cea50d1cbac27 -> 
  custom:video-encoder-webm-vp8: eb34c28f22e8b96e1ab97ce403110664 -> 
  custom:video-decoder-webm-vp8: 9c59270c3fd7afecdb556c50c9e8de78 -> 
  custom:graphics/normal-map-encoding: 01000000000000000000000000000000 -> 02000000000000000000000000000000
  custom:audio-decoder-ogg-vorbis: bf7c407c2cedff20999df2af8eb42d56 -> 
  custom:audio-encoder-webm-vorbis: bf7c407c2cedff20999df2af8eb42d56 -> 
========================================================================
Received Import Request.
  Time since last request: 886.914903 seconds.
  path: Assets/ImagesTrack
  artifactKey: Guid(457a6beb7eda8704d94f1b8ae59dde1d) Importer(815301076,1909f56bfc062723c751e8b465ee728b)
Start importing Assets/ImagesTrack using Guid(457a6beb7eda8704d94f1b8ae59dde1d) Importer(815301076,1909f56bfc062723c751e8b465ee728b)  -> (artifact id: '763c89c069e75c07c1773d34706793a6') in 0.010205 seconds 
  Import took 0.064746 seconds .

========================================================================
Received Import Request.
  Time since last request: 83.213164 seconds.
  path: Assets/ImagesTrack/IMAGE TRACKING-15.jpg
  artifactKey: Guid(34fe89ebc6bc9524eae13550bb548ca4) Importer(815301076,1909f56bfc062723c751e8b465ee728b)
Start importing Assets/ImagesTrack/IMAGE TRACKING-15.jpg using Guid(34fe89ebc6bc9524eae13550bb548ca4) Importer(815301076,1909f56bfc062723c751e8b465ee728b)  -> (artifact id: '17df26d6d87b8ca2e7c027d0581fb7ec') in 0.153989 seconds 
  Import took 0.165768 seconds .

========================================================================
Received Import Request.
  Time since last request: 0.000184 seconds.
  path: Assets/ImagesTrack/IMAGE TRACKING-24.jpg
  artifactKey: Guid(6d021b7b4deee5941a99c7a5cfdf4a90) Importer(815301076,1909f56bfc062723c751e8b465ee728b)
Start importing Assets/ImagesTrack/IMAGE TRACKING-24.jpg using Guid(6d021b7b4deee5941a99c7a5cfdf4a90) Importer(815301076,1909f56bfc062723c751e8b465ee728b)  -> (artifact id: '4c6b212768d4ac7d16839ec4a5db29e4') in 0.043398 seconds 
  Import took 0.056293 seconds .

========================================================================
Received Import Request.
  Time since last request: 0.000207 seconds.
  path: Assets/ImagesTrack/IMAGE TRACKING-22.jpg
  artifactKey: Guid(5d55051c8a4c8ce4d9af7686e7e28d6c) Importer(815301076,1909f56bfc062723c751e8b465ee728b)
Start importing Assets/ImagesTrack/IMAGE TRACKING-22.jpg using Guid(5d55051c8a4c8ce4d9af7686e7e28d6c) Importer(815301076,1909f56bfc062723c751e8b465ee728b)  -> (artifact id: 'e4ddc5ff580480e61048ef29ec8b5caf') in 0.045049 seconds 
  Import took 0.055567 seconds .

========================================================================
Received Import Request.
  Time since last request: 0.000186 seconds.
  path: Assets/ImagesTrack/IMAGE TRACKING-23.jpg
  artifactKey: Guid(df4da4726b471614ba33302791aa4020) Importer(815301076,1909f56bfc062723c751e8b465ee728b)
Start importing Assets/ImagesTrack/IMAGE TRACKING-23.jpg using Guid(df4da4726b471614ba33302791aa4020) Importer(815301076,1909f56bfc062723c751e8b465ee728b)  -> (artifact id: 'a5903495197e2e97215b7f862d3ef78c') in 0.043393 seconds 
  Import took 0.066212 seconds .

========================================================================
Received Import Request.
  Time since last request: 0.000227 seconds.
  path: Assets/ImagesTrack/IMAGE TRACKING-17.jpg
  artifactKey: Guid(95f9cf7f638af90428ca9328be5651e4) Importer(815301076,1909f56bfc062723c751e8b465ee728b)
Start importing Assets/ImagesTrack/IMAGE TRACKING-17.jpg using Guid(95f9cf7f638af90428ca9328be5651e4) Importer(815301076,1909f56bfc062723c751e8b465ee728b)  -> (artifact id: '8266eee3c180b1a1d9f948c41e2064c3') in 0.047526 seconds 
  Import took 0.059308 seconds .

========================================================================
Received Import Request.
  Time since last request: 0.000202 seconds.
  path: Assets/ImagesTrack/IMAGE TRACKING-26.jpg
  artifactKey: Guid(526529f631b373a4880303b6d4fece4a) Importer(815301076,1909f56bfc062723c751e8b465ee728b)
Start importing Assets/ImagesTrack/IMAGE TRACKING-26.jpg using Guid(526529f631b373a4880303b6d4fece4a) Importer(815301076,1909f56bfc062723c751e8b465ee728b)  -> (artifact id: 'd9d5be0247cc1c50b42e34b2cb29325e') in 0.043797 seconds 
  Import took 0.049361 seconds .

========================================================================
Received Import Request.
  Time since last request: 0.000259 seconds.
  path: Assets/ImagesTrack/IMAGE TRACKING-18.jpg
  artifactKey: Guid(bd3963bf992397d4cb3525e0e300a246) Importer(815301076,1909f56bfc062723c751e8b465ee728b)
Start importing Assets/ImagesTrack/IMAGE TRACKING-18.jpg using Guid(bd3963bf992397d4cb3525e0e300a246) Importer(815301076,1909f56bfc062723c751e8b465ee728b)  -> (artifact id: '568cbc68fc818dc7aa210e17bae0af98') in 0.043201 seconds 
  Import took 0.051808 seconds .

========================================================================
Received Import Request.
  Time since last request: 0.000223 seconds.
  path: Assets/ImagesTrack/IMAGE TRACKING-25.jpg
  artifactKey: Guid(41a213a19fc93e747b4fef7626f38e29) Importer(815301076,1909f56bfc062723c751e8b465ee728b)
Start importing Assets/ImagesTrack/IMAGE TRACKING-25.jpg using Guid(41a213a19fc93e747b4fef7626f38e29) Importer(815301076,1909f56bfc062723c751e8b465ee728b)  -> (artifact id: 'effb29603af793b7145e052d6dfd0342') in 0.042522 seconds 
  Import took 0.057291 seconds .

========================================================================
Received Import Request.
  Time since last request: 0.000185 seconds.
  path: Assets/ImagesTrack/IMAGE TRACKING-21.jpg
  artifactKey: Guid(d74cbe3d2878f7b42acba0a82bd9ebbd) Importer(815301076,1909f56bfc062723c751e8b465ee728b)
Start importing Assets/ImagesTrack/IMAGE TRACKING-21.jpg using Guid(d74cbe3d2878f7b42acba0a82bd9ebbd) Importer(815301076,1909f56bfc062723c751e8b465ee728b)  -> (artifact id: '22c6d61a4386d894c9a34dd8ea4d1e15') in 0.042755 seconds 
  Import took 0.047507 seconds .

========================================================================
Received Import Request.
  Time since last request: 0.000215 seconds.
  path: Assets/ImagesTrack/IMAGE TRACKING_ .jpg
  artifactKey: Guid(b0d50dbf623093d43a956ba319793bfa) Importer(815301076,1909f56bfc062723c751e8b465ee728b)
Start importing Assets/ImagesTrack/IMAGE TRACKING_ .jpg using Guid(b0d50dbf623093d43a956ba319793bfa) Importer(815301076,1909f56bfc062723c751e8b465ee728b)  -> (artifact id: 'af83ea6c7e6d526370c580aa247dff2d') in 0.044709 seconds 
  Import took 0.052667 seconds .

========================================================================
Received Import Request.
  Time since last request: 0.000179 seconds.
  path: Assets/ImagesTrack/IMAGE TRACKING-16.jpg
  artifactKey: Guid(10113b35776c91c42a7c3995b78663de) Importer(815301076,1909f56bfc062723c751e8b465ee728b)
Start importing Assets/ImagesTrack/IMAGE TRACKING-16.jpg using Guid(10113b35776c91c42a7c3995b78663de) Importer(815301076,1909f56bfc062723c751e8b465ee728b)  -> (artifact id: '9b71ff4accb8365a009cd624eab0119a') in 0.045167 seconds 
  Import took 0.050164 seconds .

========================================================================
Received Import Request.
  Time since last request: 0.000220 seconds.
  path: Assets/ImagesTrack/IMAGE TRACKING-20.jpg
  artifactKey: Guid(3a97eb743a3136b488fc294aa93f0981) Importer(815301076,1909f56bfc062723c751e8b465ee728b)
Start importing Assets/ImagesTrack/IMAGE TRACKING-20.jpg using Guid(3a97eb743a3136b488fc294aa93f0981) Importer(815301076,1909f56bfc062723c751e8b465ee728b)  -> (artifact id: 'ad9d05bf82c01f224e4e5e0ac4af66ce') in 0.043061 seconds 
  Import took 0.052625 seconds .

========================================================================
Received Import Request.
  Time since last request: 0.000152 seconds.
  path: Assets/ImagesTrack/IMAGE TRACKING-16.jpg
  artifactKey: Guid(10113b35776c91c42a7c3995b78663de) Importer(815301076,1909f56bfc062723c751e8b465ee728b)
Start importing Assets/ImagesTrack/IMAGE TRACKING-16.jpg using Guid(10113b35776c91c42a7c3995b78663de) Importer(815301076,1909f56bfc062723c751e8b465ee728b)  -> (artifact id: '9b71ff4accb8365a009cd624eab0119a') in 0.043290 seconds 
  Import took 0.047972 seconds .

========================================================================
Received Import Request.
  Time since last request: 0.000249 seconds.
  path: Assets/ImagesTrack/IMAGE TRACKING-19.jpg
  artifactKey: Guid(4479aa13610b82f46a607663e07674b9) Importer(815301076,1909f56bfc062723c751e8b465ee728b)
Start importing Assets/ImagesTrack/IMAGE TRACKING-19.jpg using Guid(4479aa13610b82f46a607663e07674b9) Importer(815301076,1909f56bfc062723c751e8b465ee728b)  -> (artifact id: '25ca56657f8c8d2cf792e2c21ac972a4') in 0.064712 seconds 
  Import took 0.070526 seconds .

========================================================================
Received Import Request.
  Time since last request: 673.639260 seconds.
  path: Assets/Prefabs/MultipleImageLibrary.asset
  artifactKey: Guid(06d67c6ab946c4e6e8832613d8837350) Importer(815301076,1909f56bfc062723c751e8b465ee728b)
Start importing Assets/Prefabs/MultipleImageLibrary.asset using Guid(06d67c6ab946c4e6e8832613d8837350) Importer(815301076,1909f56bfc062723c751e8b465ee728b)  -> (artifact id: 'ccddf982aa84029ae9220a37790ad8bd') in 0.017854 seconds 
  Import took 0.033531 seconds .

========================================================================
Received Import Request.
  Time since last request: 9.036291 seconds.
  path: Assets/Scenes/SampleScene.unity
  artifactKey: Guid(9fc0d4010bbf28b4594072e72b8655ab) Importer(815301076,1909f56bfc062723c751e8b465ee728b)
Start importing Assets/Scenes/SampleScene.unity using Guid(9fc0d4010bbf28b4594072e72b8655ab) Importer(815301076,1909f56bfc062723c751e8b465ee728b)  -> (artifact id: 'da9d42a3645ef381a9202730288cc1e9') in 0.004543 seconds 
  Import took 0.020088 seconds .

========================================================================
Received Prepare
Registering precompiled user dll's ...
Registered in 0.129150 seconds.
Begin MonoManager ReloadAssembly
Native extension for WindowsStandalone target not found
Refreshing native plugins compatible for Editor in 0.59 ms, found 2 plugins.
Preloading 0 native plugins for Editor in 0.00 ms.
Mono: successfully reloaded assembly
- Completed reload, in  1.034 seconds
Platform modules already initialized, skipping
Switching build target platform(19) subTarget(0) extendedPlatform(0) -> platform(13) subTarget(589824) extendedPlatform(0)
Shader 'Universal Render Pipeline/Particles/Lit': fallback shader 'Universal Render Pipeline/Particles/SimpleLit' not found
Refreshing native plugins compatible for Editor in 0.58 ms, found 2 plugins.
Preloading 0 native plugins for Editor in 0.00 ms.
Unloading 3103 Unused Serialized files (Serialized files now loaded: 0)
System memory in use before: 162.5 MB.
System memory in use after: 162.7 MB.

Unloading 17 unused Assets to reduce memory usage. Loaded Objects now: 3822.
Total: 2.654800 ms (FindLiveObjects: 0.326800 ms CreateObjectMapping: 0.169300 ms MarkObjects: 2.096600 ms  DeleteObjects: 0.061400 ms)

AssetImportParameters requested are different than current active one (requested -> active):
  custom:framework-win-MediaFoundation: 216162199b28c13a410421893ffa2e32 -> 
  custom:video-decoder-ogg-theora: a1e56fd34408186e4bbccfd4996cb3dc -> 
  custom:container-muxer-webm: aa71ff27fc2769a1b78a27578f13a17b -> 
  custom:container-demuxer-webm: 4f35f7cbe854078d1ac9338744f61a02 -> 
  custom:container-demuxer-ogg: 62fdf1f143b41e24485cea50d1cbac27 -> 
  custom:video-encoder-webm-vp8: eb34c28f22e8b96e1ab97ce403110664 -> 
  custom:video-decoder-webm-vp8: 9c59270c3fd7afecdb556c50c9e8de78 -> 
  custom:graphics/normal-map-encoding: 01000000000000000000000000000000 -> 02000000000000000000000000000000
  custom:audio-decoder-ogg-vorbis: bf7c407c2cedff20999df2af8eb42d56 -> 
  custom:audio-encoder-webm-vorbis: bf7c407c2cedff20999df2af8eb42d56 -> 
========================================================================
Received Import Request.
  Time since last request: 106.694699 seconds.
  path: Assets/Scripts/TrackedImageInfoMultipleManager.cs
  artifactKey: Guid(65a721263032d4c60b6febe69fab7f63) Importer(815301076,1909f56bfc062723c751e8b465ee728b)
Start importing Assets/Scripts/TrackedImageInfoMultipleManager.cs using Guid(65a721263032d4c60b6febe69fab7f63) Importer(815301076,1909f56bfc062723c751e8b465ee728b)  -> (artifact id: '5a21f292335fd121fdf7d187acbfad2f') in 0.033434 seconds 
  Import took 0.058663 seconds .

========================================================================
Received Import Request.
  Time since last request: 68.812740 seconds.
  path: Assets/XR/Loaders
  artifactKey: Guid(f4672a50ee150f94788988c839c01ee2) Importer(815301076,1909f56bfc062723c751e8b465ee728b)
Start importing Assets/XR/Loaders using Guid(f4672a50ee150f94788988c839c01ee2) Importer(815301076,1909f56bfc062723c751e8b465ee728b)  -> (artifact id: '977ec6a28f8b5d52be4c4149ef141790') in 0.005205 seconds 
  Import took 0.030467 seconds .

========================================================================
Received Import Request.
  Time since last request: 0.125242 seconds.
  path: Assets/Models/ghost/ghost_pregnant/ghost_pregnant_animator.controller
  artifactKey: Guid(4b548df9b2611064fa5a39c5b6597dc9) Importer(815301076,1909f56bfc062723c751e8b465ee728b)
Start importing Assets/Models/ghost/ghost_pregnant/ghost_pregnant_animator.controller using Guid(4b548df9b2611064fa5a39c5b6597dc9) Importer(815301076,1909f56bfc062723c751e8b465ee728b)  -> (artifact id: 'bf1a90ba61f0123bacf5b58123de8667') in 0.045725 seconds 
  Import took 0.077794 seconds .

========================================================================
Received Import Request.
  Time since last request: 0.271572 seconds.
  path: Assets/Models/ghost/ghost_pregnant/animation/Header Soccerball.anim
  artifactKey: Guid(0861a256be6bc1d479ea16ab9938666b) Importer(815301076,1909f56bfc062723c751e8b465ee728b)
Start importing Assets/Models/ghost/ghost_pregnant/animation/Header Soccerball.anim using Guid(0861a256be6bc1d479ea16ab9938666b) Importer(815301076,1909f56bfc062723c751e8b465ee728b)  -> (artifact id: '7ede068f44907d855a67df08451a86a0') in 0.014698 seconds 
  Import took 0.056150 seconds .

========================================================================
Received Import Request.
  Time since last request: 1.194888 seconds.
  path: Assets/Models/object
  artifactKey: Guid(b4f679a3c6bc6fa47a9e7365d1940aab) Importer(815301076,1909f56bfc062723c751e8b465ee728b)
Start importing Assets/Models/object using Guid(b4f679a3c6bc6fa47a9e7365d1940aab) Importer(815301076,1909f56bfc062723c751e8b465ee728b)  -> (artifact id: 'f3da58b6ed7439f8b520eddfd8194bd5') in 0.003933 seconds 
  Import took 0.022262 seconds .

========================================================================
Received Import Request.
  Time since last request: 0.576756 seconds.
  path: Assets/Models/ghost/ghost_pregnant/animation/mixamo.com.anim
  artifactKey: Guid(62f33714fe33e224ca436d7408595404) Importer(815301076,1909f56bfc062723c751e8b465ee728b)
Start importing Assets/Models/ghost/ghost_pregnant/animation/mixamo.com.anim using Guid(62f33714fe33e224ca436d7408595404) Importer(815301076,1909f56bfc062723c751e8b465ee728b)  -> (artifact id: '1f2633179aea57e0ca39e0f652aa54ac') in 0.027270 seconds 
  Import took 0.053169 seconds .

========================================================================
Received Import Request.
  Time since last request: 0.012861 seconds.
  path: Assets/Models/ghost/ghost_pregnant/animation
  artifactKey: Guid(8f1c0b4e8d9a5ed47a5d73d68993a1fd) Importer(815301076,1909f56bfc062723c751e8b465ee728b)
Start importing Assets/Models/ghost/ghost_pregnant/animation using Guid(8f1c0b4e8d9a5ed47a5d73d68993a1fd) Importer(815301076,1909f56bfc062723c751e8b465ee728b)  -> (artifact id: '4a00022632be0f2ccd45e97490a06617') in 0.003649 seconds 
  Import took 0.028113 seconds .

========================================================================
Received Import Request.
  Time since last request: 0.057329 seconds.
  path: Assets/Models/ghost/ghost_pregnant
  artifactKey: Guid(ce179a5e3c743774a93a708d21dad464) Importer(815301076,1909f56bfc062723c751e8b465ee728b)
Start importing Assets/Models/ghost/ghost_pregnant using Guid(ce179a5e3c743774a93a708d21dad464) Importer(815301076,1909f56bfc062723c751e8b465ee728b)  -> (artifact id: '2510b308f5cbafe9bd5354b79a35ae9c') in 0.004007 seconds 
  Import took 0.018674 seconds .

========================================================================
Received Prepare
Registering precompiled user dll's ...
Registered in 0.002738 seconds.
Begin MonoManager ReloadAssembly
Native extension for WindowsStandalone target not found
Refreshing native plugins compatible for Editor in 0.57 ms, found 2 plugins.
Preloading 0 native plugins for Editor in 0.00 ms.
Mono: successfully reloaded assembly
- Completed reload, in  1.004 seconds
Platform modules already initialized, skipping
Switching build target platform(19) subTarget(0) extendedPlatform(0) -> platform(13) subTarget(589824) extendedPlatform(0)
Shader 'Universal Render Pipeline/Particles/Lit': fallback shader 'Universal Render Pipeline/Particles/SimpleLit' not found
Refreshing native plugins compatible for Editor in 0.61 ms, found 2 plugins.
Preloading 0 native plugins for Editor in 0.00 ms.
Unloading 3103 Unused Serialized files (Serialized files now loaded: 0)
System memory in use before: 162.5 MB.
System memory in use after: 162.7 MB.

Unloading 17 unused Assets to reduce memory usage. Loaded Objects now: 3826.
Total: 2.557700 ms (FindLiveObjects: 0.285100 ms CreateObjectMapping: 0.150600 ms MarkObjects: 2.058300 ms  DeleteObjects: 0.062800 ms)

AssetImportParameters requested are different than current active one (requested -> active):
  custom:framework-win-MediaFoundation: 216162199b28c13a410421893ffa2e32 -> 
  custom:video-decoder-ogg-theora: a1e56fd34408186e4bbccfd4996cb3dc -> 
  custom:container-muxer-webm: aa71ff27fc2769a1b78a27578f13a17b -> 
  custom:container-demuxer-webm: 4f35f7cbe854078d1ac9338744f61a02 -> 
  custom:container-demuxer-ogg: 62fdf1f143b41e24485cea50d1cbac27 -> 
  custom:video-encoder-webm-vp8: eb34c28f22e8b96e1ab97ce403110664 -> 
  custom:video-decoder-webm-vp8: 9c59270c3fd7afecdb556c50c9e8de78 -> 
  custom:graphics/normal-map-encoding: 01000000000000000000000000000000 -> 02000000000000000000000000000000
  custom:audio-decoder-ogg-vorbis: bf7c407c2cedff20999df2af8eb42d56 -> 
  custom:audio-encoder-webm-vorbis: bf7c407c2cedff20999df2af8eb42d56 -> 
========================================================================
Received Prepare
Registering precompiled user dll's ...
Registered in 0.002351 seconds.
Begin MonoManager ReloadAssembly
Native extension for WindowsStandalone target not found
Refreshing native plugins compatible for Editor in 0.57 ms, found 2 plugins.
Preloading 0 native plugins for Editor in 0.00 ms.
Mono: successfully reloaded assembly
- Completed reload, in  0.980 seconds
Platform modules already initialized, skipping
Switching build target platform(19) subTarget(0) extendedPlatform(0) -> platform(13) subTarget(589824) extendedPlatform(0)
Shader 'Universal Render Pipeline/Particles/Lit': fallback shader 'Universal Render Pipeline/Particles/SimpleLit' not found
Refreshing native plugins compatible for Editor in 0.59 ms, found 2 plugins.
Preloading 0 native plugins for Editor in 0.00 ms.
Unloading 3103 Unused Serialized files (Serialized files now loaded: 0)
System memory in use before: 162.6 MB.
System memory in use after: 162.7 MB.

Unloading 17 unused Assets to reduce memory usage. Loaded Objects now: 3830.
Total: 2.554200 ms (FindLiveObjects: 0.331100 ms CreateObjectMapping: 0.166900 ms MarkObjects: 1.998700 ms  DeleteObjects: 0.056700 ms)

AssetImportParameters requested are different than current active one (requested -> active):
  custom:framework-win-MediaFoundation: 216162199b28c13a410421893ffa2e32 -> 
  custom:video-decoder-ogg-theora: a1e56fd34408186e4bbccfd4996cb3dc -> 
  custom:container-muxer-webm: aa71ff27fc2769a1b78a27578f13a17b -> 
  custom:container-demuxer-webm: 4f35f7cbe854078d1ac9338744f61a02 -> 
  custom:container-demuxer-ogg: 62fdf1f143b41e24485cea50d1cbac27 -> 
  custom:video-encoder-webm-vp8: eb34c28f22e8b96e1ab97ce403110664 -> 
  custom:video-decoder-webm-vp8: 9c59270c3fd7afecdb556c50c9e8de78 -> 
  custom:graphics/normal-map-encoding: 01000000000000000000000000000000 -> 02000000000000000000000000000000
  custom:audio-decoder-ogg-vorbis: bf7c407c2cedff20999df2af8eb42d56 -> 
  custom:audio-encoder-webm-vorbis: bf7c407c2cedff20999df2af8eb42d56 -> 
========================================================================
Received Prepare
Shader 'Universal Render Pipeline/Particles/Lit': fallback shader 'Universal Render Pipeline/Particles/SimpleLit' not found
Refreshing native plugins compatible for Editor in 2.51 ms, found 2 plugins.
Preloading 0 native plugins for Editor in 0.00 ms.
Unloading 14 Unused Serialized files (Serialized files now loaded: 0)
System memory in use before: 101.7 MB.
System memory in use after: 101.9 MB.

Unloading 13 unused Assets to reduce memory usage. Loaded Objects now: 3831.
Total: 4.015300 ms (FindLiveObjects: 0.578900 ms CreateObjectMapping: 0.308400 ms MarkObjects: 3.056400 ms  DeleteObjects: 0.070000 ms)

AssetImportParameters requested are different than current active one (requested -> active):
  custom:framework-win-MediaFoundation: 216162199b28c13a410421893ffa2e32 -> 
  custom:video-decoder-ogg-theora: a1e56fd34408186e4bbccfd4996cb3dc -> 
  custom:container-muxer-webm: aa71ff27fc2769a1b78a27578f13a17b -> 
  custom:container-demuxer-webm: 4f35f7cbe854078d1ac9338744f61a02 -> 
  custom:container-demuxer-ogg: 62fdf1f143b41e24485cea50d1cbac27 -> 
  custom:video-encoder-webm-vp8: eb34c28f22e8b96e1ab97ce403110664 -> 
  custom:video-decoder-webm-vp8: 9c59270c3fd7afecdb556c50c9e8de78 -> 
  custom:audio-decoder-ogg-vorbis: bf7c407c2cedff20999df2af8eb42d56 -> 
  custom:audio-encoder-webm-vorbis: bf7c407c2cedff20999df2af8eb42d56 -> 
========================================================================
Received Import Request.
  Time since last request: 3943.882250 seconds.
  path: Assets/Prefabs/MultipleImageLibrary.asset
  artifactKey: Guid(06d67c6ab946c4e6e8832613d8837350) Importer(815301076,1909f56bfc062723c751e8b465ee728b)
Start importing Assets/Prefabs/MultipleImageLibrary.asset using Guid(06d67c6ab946c4e6e8832613d8837350) Importer(815301076,1909f56bfc062723c751e8b465ee728b)  -> (artifact id: '507d839c69d6f686f8f3dfba5c83660a') in 0.025114 seconds 
  Import took 0.037444 seconds .

========================================================================
Received Prepare
Shader 'Universal Render Pipeline/Particles/Lit': fallback shader 'Universal Render Pipeline/Particles/SimpleLit' not found
Refreshing native plugins compatible for Editor in 2.15 ms, found 2 plugins.
Preloading 0 native plugins for Editor in 0.00 ms.
Unloading 13 Unused Serialized files (Serialized files now loaded: 0)
System memory in use before: 101.7 MB.
System memory in use after: 101.9 MB.

Unloading 13 unused Assets to reduce memory usage. Loaded Objects now: 3831.
Total: 3.299200 ms (FindLiveObjects: 0.320800 ms CreateObjectMapping: 0.149300 ms MarkObjects: 2.774300 ms  DeleteObjects: 0.053900 ms)

AssetImportParameters requested are different than current active one (requested -> active):
  custom:framework-win-MediaFoundation: 216162199b28c13a410421893ffa2e32 -> 
  custom:video-decoder-ogg-theora: a1e56fd34408186e4bbccfd4996cb3dc -> 
  custom:container-muxer-webm: aa71ff27fc2769a1b78a27578f13a17b -> 
  custom:container-demuxer-webm: 4f35f7cbe854078d1ac9338744f61a02 -> 
  custom:container-demuxer-ogg: 62fdf1f143b41e24485cea50d1cbac27 -> 
  custom:video-encoder-webm-vp8: eb34c28f22e8b96e1ab97ce403110664 -> 
  custom:video-decoder-webm-vp8: 9c59270c3fd7afecdb556c50c9e8de78 -> 
  custom:audio-decoder-ogg-vorbis: bf7c407c2cedff20999df2af8eb42d56 -> 
  custom:audio-encoder-webm-vorbis: bf7c407c2cedff20999df2af8eb42d56 -> 
========================================================================
Received Prepare
Registering precompiled user dll's ...
Registered in 0.002402 seconds.
Begin MonoManager ReloadAssembly
Native extension for WindowsStandalone target not found
Refreshing native plugins compatible for Editor in 0.58 ms, found 2 plugins.
Preloading 0 native plugins for Editor in 0.00 ms.
Mono: successfully reloaded assembly
- Completed reload, in  0.988 seconds
Platform modules already initialized, skipping
Switching build target platform(19) subTarget(0) extendedPlatform(0) -> platform(13) subTarget(589824) extendedPlatform(0)
Shader 'Universal Render Pipeline/Particles/Lit': fallback shader 'Universal Render Pipeline/Particles/SimpleLit' not found
Refreshing native plugins compatible for Editor in 0.56 ms, found 2 plugins.
Preloading 0 native plugins for Editor in 0.00 ms.
Unloading 3102 Unused Serialized files (Serialized files now loaded: 0)
System memory in use before: 162.5 MB.
System memory in use after: 162.7 MB.

Unloading 16 unused Assets to reduce memory usage. Loaded Objects now: 3835.
Total: 2.663900 ms (FindLiveObjects: 0.313900 ms CreateObjectMapping: 0.160300 ms MarkObjects: 2.135300 ms  DeleteObjects: 0.053400 ms)

AssetImportParameters requested are different than current active one (requested -> active):
  custom:framework-win-MediaFoundation: 216162199b28c13a410421893ffa2e32 -> 
  custom:video-decoder-ogg-theora: a1e56fd34408186e4bbccfd4996cb3dc -> 
  custom:container-muxer-webm: aa71ff27fc2769a1b78a27578f13a17b -> 
  custom:container-demuxer-webm: 4f35f7cbe854078d1ac9338744f61a02 -> 
  custom:container-demuxer-ogg: 62fdf1f143b41e24485cea50d1cbac27 -> 
  custom:video-encoder-webm-vp8: eb34c28f22e8b96e1ab97ce403110664 -> 
  custom:video-decoder-webm-vp8: 9c59270c3fd7afecdb556c50c9e8de78 -> 
  custom:graphics/normal-map-encoding: 01000000000000000000000000000000 -> 02000000000000000000000000000000
  custom:audio-decoder-ogg-vorbis: bf7c407c2cedff20999df2af8eb42d56 -> 
  custom:audio-encoder-webm-vorbis: bf7c407c2cedff20999df2af8eb42d56 -> 
========================================================================
Received Import Request.
  Time since last request: 860.546037 seconds.
  path: Assets/StreamingAssets/ReferenceImageLibrary.asset
  artifactKey: Guid(458bd4734e309d84fb02835ed278b009) Importer(815301076,1909f56bfc062723c751e8b465ee728b)
Start importing Assets/StreamingAssets/ReferenceImageLibrary.asset using Guid(458bd4734e309d84fb02835ed278b009) Importer(815301076,1909f56bfc062723c751e8b465ee728b)  -> (artifact id: '12477ca4151403841e20d6fa5d1cc526') in 0.022007 seconds 
  Import took 0.038335 seconds .

========================================================================
Received Import Request.
  Time since last request: 292.005234 seconds.
  path: Assets/StreamingAssets/ReferenceImageLibrary.asset
  artifactKey: Guid(458bd4734e309d84fb02835ed278b009) Importer(815301076,1909f56bfc062723c751e8b465ee728b)
Start importing Assets/StreamingAssets/ReferenceImageLibrary.asset using Guid(458bd4734e309d84fb02835ed278b009) Importer(815301076,1909f56bfc062723c751e8b465ee728b)  -> (artifact id: '3553fecab369a9c441a0e582b368f5e3') in 0.001796 seconds 
  Import took 0.019153 seconds .

========================================================================
Received Import Request.
  Time since last request: 0.000776 seconds.
  path: Assets/StreamingAssets/ReferenceImageLibrary.asset
  artifactKey: Guid(458bd4734e309d84fb02835ed278b009) Importer(815301076,1909f56bfc062723c751e8b465ee728b)
Start importing Assets/StreamingAssets/ReferenceImageLibrary.asset using Guid(458bd4734e309d84fb02835ed278b009) Importer(815301076,1909f56bfc062723c751e8b465ee728b)  -> (artifact id: '3553fecab369a9c441a0e582b368f5e3') in 0.001700 seconds 
  Import took 0.006077 seconds .

========================================================================
Received Import Request.
  Time since last request: 23.387499 seconds.
  path: Assets/Prefabs/ReferenceImageLibrary.asset
  artifactKey: Guid(733408a0c8cf78a41bd5ee193422ff78) Importer(815301076,1909f56bfc062723c751e8b465ee728b)
Start importing Assets/Prefabs/ReferenceImageLibrary.asset using Guid(733408a0c8cf78a41bd5ee193422ff78) Importer(815301076,1909f56bfc062723c751e8b465ee728b)  -> (artifact id: 'a2d64514f31f4c715cb57aa8c5263b41') in 0.014463 seconds 
  Import took 0.019405 seconds .

========================================================================
Received Prepare
Registering precompiled user dll's ...
Registered in 0.002550 seconds.
Begin MonoManager ReloadAssembly
Native extension for WindowsStandalone target not found
Refreshing native plugins compatible for Editor in 0.57 ms, found 2 plugins.
Preloading 0 native plugins for Editor in 0.00 ms.
Mono: successfully reloaded assembly
- Completed reload, in  1.034 seconds
Platform modules already initialized, skipping
Switching build target platform(19) subTarget(0) extendedPlatform(0) -> platform(13) subTarget(589824) extendedPlatform(0)
Shader 'Universal Render Pipeline/Particles/Lit': fallback shader 'Universal Render Pipeline/Particles/SimpleLit' not found
Refreshing native plugins compatible for Editor in 0.56 ms, found 2 plugins.
Preloading 0 native plugins for Editor in 0.00 ms.
Unloading 3102 Unused Serialized files (Serialized files now loaded: 0)
System memory in use before: 162.5 MB.
System memory in use after: 162.7 MB.

Unloading 17 unused Assets to reduce memory usage. Loaded Objects now: 3838.
Total: 2.736900 ms (FindLiveObjects: 0.295600 ms CreateObjectMapping: 0.136800 ms MarkObjects: 2.239200 ms  DeleteObjects: 0.064400 ms)

AssetImportParameters requested are different than current active one (requested -> active):
  custom:framework-win-MediaFoundation: 216162199b28c13a410421893ffa2e32 -> 
  custom:video-decoder-ogg-theora: a1e56fd34408186e4bbccfd4996cb3dc -> 
  custom:container-muxer-webm: aa71ff27fc2769a1b78a27578f13a17b -> 
  custom:container-demuxer-webm: 4f35f7cbe854078d1ac9338744f61a02 -> 
  custom:container-demuxer-ogg: 62fdf1f143b41e24485cea50d1cbac27 -> 
  custom:video-encoder-webm-vp8: eb34c28f22e8b96e1ab97ce403110664 -> 
  custom:video-decoder-webm-vp8: 9c59270c3fd7afecdb556c50c9e8de78 -> 
  custom:graphics/normal-map-encoding: 01000000000000000000000000000000 -> 02000000000000000000000000000000
  custom:audio-decoder-ogg-vorbis: bf7c407c2cedff20999df2af8eb42d56 -> 
  custom:audio-encoder-webm-vorbis: bf7c407c2cedff20999df2af8eb42d56 -> 
========================================================================
Received Import Request.
  Time since last request: 1955.747380 seconds.
  path: Assets/Prefabs/ReferenceImageLibrary.asset
  artifactKey: Guid(733408a0c8cf78a41bd5ee193422ff78) Importer(815301076,1909f56bfc062723c751e8b465ee728b)
Start importing Assets/Prefabs/ReferenceImageLibrary.asset using Guid(733408a0c8cf78a41bd5ee193422ff78) Importer(815301076,1909f56bfc062723c751e8b465ee728b)  -> (artifact id: '59f08cc6a081e1fd9429db7e17816098') in 1.069184 seconds 
  Import took 1.076720 seconds .

AssetImportWorkerClient::OnTransportError - code=2 error=End of file
